Log file open, 04/18/17 20:16:36
LogInit:Display: Running engine for game: ArquiteturaVR_2_unr
LogPlatformFile: Not using cached read wrapper
LogInit:Display: RandInit(-1493047706) SRandInit(-1493047706).
LogTaskGraph: Started task graph with 5 named threads and 6 total threads with 1 sets of task threads.
LogStats: Stats thread started at 0.069301
LogInit: Using libcurl 7.47.1
LogInit:  - built for x86_64-pc-win32
LogInit:  - supports SSL with OpenSSL/1.0.2g
LogInit:  - supports HTTP deflate (compression) using libz 1.2.8
LogInit:  - other features:
LogInit:      CURL_VERSION_SSL
LogInit:      CURL_VERSION_LIBZ
LogInit:      CURL_VERSION_IPV6
LogInit:      CURL_VERSION_ASYNCHDNS
LogInit:      CURL_VERSION_LARGEFILE
LogInit:      CURL_VERSION_IDN
LogInit:  CurlRequestOptions (configurable via config and command line):
LogInit:  - bVerifyPeer = false  - Libcurl will NOT verify peer certificate
LogInit:  - bUseHttpProxy = false  - Libcurl will NOT use HTTP proxy
LogInit:  - bDontReuseConnections = false  - Libcurl will reuse connections
LogInit:  - CertBundlePath = nullptr  - Libcurl will use whatever was configured at build time.
LogInit: Build: ++UE4+Release-4.15-CL-3299760
LogInit: Engine Version: 4.15.0-3299760+++UE4+Release-4.15
LogInit: Compatible Engine Version: 4.15.0-3299760+++UE4+Release-4.15
LogInit: Net CL: 3299760
LogDevObjectVersion: Number of dev versions registered: 14
LogDevObjectVersion:   Dev-Blueprints (B0D832E4-1F89-4F0D-ACCF-7EB736FD4AA2): 8
LogDevObjectVersion:   Dev-Build (E1C64328-A22C-4D53-A36C-8E866417BD8C): 0
LogDevObjectVersion:   Dev-Core (375EC13C-06E4-48FB-B500-84F0262A717E): 2
LogDevObjectVersion:   Dev-Editor (E4B068ED-F494-42E9-A231-DA0B2E46BB41): 14
LogDevObjectVersion:   Dev-Framework (CFFC743F-43B0-4480-9391-14DF171D2073): 22
LogDevObjectVersion:   Dev-Mobile (B02B49B5-BB20-44E9-A304-32B752E40360): 0
LogDevObjectVersion:   Dev-Networking (A4E4105C-59A1-49B5-A7C5-40C4547EDFEE): 0
LogDevObjectVersion:   Dev-Online (39C831C9-5AE6-47DC-9A44-9C173E1C8E7C): 0
LogDevObjectVersion:   Dev-Physics (78F01B33-EBEA-4F98-B9B4-84EACCB95AA2): 0
LogDevObjectVersion:   Dev-Platform (6631380F-2D4D-43E0-8009-CF276956A95A): 0
LogDevObjectVersion:   Dev-Rendering (12F88B9F-8875-4AFC-A67C-D90C383ABD29): 12
LogDevObjectVersion:   Dev-Sequencer (7B5AE74C-D270-4C10-A958-57980B212A5A): 3
LogDevObjectVersion:   Dev-VR (D7296918-1DD6-4BDD-9DE2-64A83CC13884): 0
LogDevObjectVersion:   Dev-LoadTimes (C2A15278-BFE7-4AFE-6C17-90FF531DF755): 1
LogInit: Compiled (64-bit): Feb 14 2017 02:04:14
LogInit: Compiled with Visual C++: 19.00.23026.00
LogInit: Build Configuration: Development
LogInit: Branch Name: ++UE4+Release-4.15
LogInit: Command line: 
LogInit: Base directory: C:/Program Files/Epic Games/UE_4.15/Engine/Binaries/Win64/
LogInit: Installed Engine Build: 1
LogInit: Presizing for max 8388607 objects, including 0 objects not considered by GC, pre-allocating 0 bytes for permanent pool.
LogInit: Object subsystem initialized
[2017.04.18-23.16.38:435][  0]LogInit: Selected Device Profile: [Windows]
[2017.04.18-23.16.38:435][  0]LogInit: Applying CVar settings loaded from the selected device profile: [Windows]
[2017.04.18-23.16.38:461][  0]LogInit: Computer: ADELLIA
[2017.04.18-23.16.38:461][  0]LogInit: User: ENTJ
[2017.04.18-23.16.38:461][  0]LogInit: CPU Page size=65536, Cores=2
[2017.04.18-23.16.38:461][  0]LogInit: High frequency timer resolution =2.533200 MHz
[2017.04.18-23.16.38:462][  0]LogMemory: Memory total: Physical=15.9GB (16GB approx)
[2017.04.18-23.16.38:462][  0]LogMemory: Platform Memory Stats for Windows
[2017.04.18-23.16.38:462][  0]LogMemory: Process Physical Memory: 260.28 MB used, 260.28 MB peak
[2017.04.18-23.16.38:462][  0]LogMemory: Process Virtual Memory: 261.70 MB used, 261.70 MB peak
[2017.04.18-23.16.38:462][  0]LogMemory: Physical Memory: 2458.84 MB used,  13806.13 MB free, 16264.96 MB total
[2017.04.18-23.16.38:462][  0]LogMemory: Virtual Memory: 616.28 MB used,  13806.13 MB free, 134217728.00 MB total
[2017.04.18-23.16.38:554][  0]LogInit: Overriding culture en with editor configuration.
[2017.04.18-23.16.39:469][  0]LogD3D11RHI: D3D11 adapters:
[2017.04.18-23.16.39:478][  0]LogD3D11RHI:    0. 'Intel(R) HD Graphics Family' (Feature Level 11_0)
[2017.04.18-23.16.39:478][  0]LogD3D11RHI:       160/0/1760 MB DedicatedVideo/DedicatedSystem/SharedSystem, Outputs:1, VendorId:0x8086
[2017.04.18-23.16.40:102][  0]LogD3D11RHI:    1. 'AMD Radeon R7 M265' (Feature Level 11_0)
[2017.04.18-23.16.40:102][  0]LogD3D11RHI:       2030/0/7936 MB DedicatedVideo/DedicatedSystem/SharedSystem, Outputs:0, VendorId:0x1002
[2017.04.18-23.16.40:104][  0]LogD3D11RHI:    2. 'Microsoft Basic Render Driver' (Feature Level 11_0)
[2017.04.18-23.16.40:104][  0]LogD3D11RHI:       0/0/256 MB DedicatedVideo/DedicatedSystem/SharedSystem, Outputs:0, VendorId:0x1414
[2017.04.18-23.16.40:104][  0]LogD3D11RHI: Chosen D3D11 Adapter: 1
[2017.04.18-23.16.40:107][  0]LogD3D11RHI: Creating new Direct3DDevice
[2017.04.18-23.16.40:107][  0]LogD3D11RHI:     GPU DeviceId: 0x6900 (for the marketing name, search the web for "GPU Device Id")
[2017.04.18-23.16.40:107][  0]LogWindows: EnumDisplayDevices:
[2017.04.18-23.16.40:107][  0]LogWindows:    0. 'Intel(R) HD Graphics Family' (P:1 D:1)
[2017.04.18-23.16.40:107][  0]LogWindows:    1. 'Intel(R) HD Graphics Family' (P:0 D:0)
[2017.04.18-23.16.40:107][  0]LogWindows:    2. 'Intel(R) HD Graphics Family' (P:0 D:0)
[2017.04.18-23.16.40:108][  0]LogWindows: DebugString: PrimaryIsNotTheChoosenAdapter PrimaryIsNotTheChoosenAdapter PrimaryIsNotTheChoosenAdapter FoundDriverCount:0 
[2017.04.18-23.16.40:108][  0]LogD3D11RHI:     Adapter Name: AMD Radeon R7 M265
[2017.04.18-23.16.40:108][  0]LogD3D11RHI:   Driver Version: Unknown (internal:Unknown, unified:Unknown)
[2017.04.18-23.16.40:108][  0]LogD3D11RHI:      Driver Date: Unknown
[2017.04.18-23.16.40:108][  0]LogRHI: Texture pool is 1361 MB (70% of 1945 MB)
[2017.04.18-23.16.40:125][  0]LogD3D11RHI: Async texture creation enabled
[2017.04.18-23.16.40:139][  0]LogD3D11RHI: GPU Timing Frequency: 27.000000 (Debug: 2 1)
[2017.04.18-23.16.40:140][  0]LogShaderCompilers: Guid format shader working directory is -27 characters bigger than the processId version (../../../../../../CURSOS/VR_para_Arquitetura_parte_2/ArquiteturaVR_2_unr/Intermediate/Shaders/WorkingDirectory/6376/).
[2017.04.18-23.16.40:140][  0]LogShaderCompilers: Cleaned the shader compiler working directory 'C:/Users/ENTJ/AppData/Local/Temp/UnrealShaderWorkingDir/21A6B14842374B619E7E40AED518F4DF/'.
[2017.04.18-23.16.40:140][  0]LogShaderCompilers:Display: Using Local Shader Compiler.
[2017.04.18-23.16.41:370][  0]LogTemp:Display: Loaded TP AllDesktopTargetPlatform
[2017.04.18-23.16.41:419][  0]LogTemp:Display: Loaded TP MacClientTargetPlatform
[2017.04.18-23.16.41:468][  0]LogTemp:Display: Loaded TP MacNoEditorTargetPlatform
[2017.04.18-23.16.41:517][  0]LogTemp:Display: Loaded TP MacServerTargetPlatform
[2017.04.18-23.16.41:567][  0]LogTemp:Display: Loaded TP MacTargetPlatform
[2017.04.18-23.16.41:617][  0]LogTemp:Display: Loaded TP WindowsClientTargetPlatform
[2017.04.18-23.16.41:666][  0]LogTemp:Display: Loaded TP WindowsNoEditorTargetPlatform
[2017.04.18-23.16.41:715][  0]LogTemp:Display: Loaded TP WindowsServerTargetPlatform
[2017.04.18-23.16.41:754][  0]LogTemp:Display: Loaded TP WindowsTargetPlatform
[2017.04.18-23.16.41:802][  0]LogTemp:Display: Loaded TP AndroidTargetPlatform
[2017.04.18-23.16.41:851][  0]LogTemp:Display: Loaded TP Android_ASTCTargetPlatform
[2017.04.18-23.16.41:899][  0]LogTemp:Display: Loaded TP Android_ATCTargetPlatform
[2017.04.18-23.16.41:948][  0]LogTemp:Display: Loaded TP Android_DXTTargetPlatform
[2017.04.18-23.16.41:997][  0]LogTemp:Display: Loaded TP Android_ETC1TargetPlatform
[2017.04.18-23.16.42:044][  0]LogTemp:Display: Loaded TP Android_ETC2TargetPlatform
[2017.04.18-23.16.42:093][  0]LogTemp:Display: Loaded TP Android_MultiTargetPlatform
[2017.04.18-23.16.42:142][  0]LogTemp:Display: Loaded TP Android_PVRTCTargetPlatform
[2017.04.18-23.16.42:172][  0]LogTemp:Display: Loaded TP HTML5TargetPlatform
[2017.04.18-23.16.42:259][  0]LogTemp:Display: Loaded TP IOSTargetPlatform
[2017.04.18-23.16.42:295][  0]LogTemp:Display: Loaded TP TVOSTargetPlatform
[2017.04.18-23.16.42:345][  0]LogTemp:Display: Loaded TP LinuxClientTargetPlatform
[2017.04.18-23.16.42:394][  0]LogTemp:Display: Loaded TP LinuxNoEditorTargetPlatform
[2017.04.18-23.16.42:443][  0]LogTemp:Display: Loaded TP LinuxServerTargetPlatform
[2017.04.18-23.16.42:492][  0]LogTemp:Display: Loaded TP LinuxTargetPlatform
[2017.04.18-23.16.42:492][  0]LogTargetPlatformManager:Display: Building Assets For Windows
[2017.04.18-23.16.42:871][  0]LogDerivedDataCache:Display: Max Cache Size: 512 MB
[2017.04.18-23.16.42:934][  0]LogDerivedDataCache: Loaded boot cache 0.06s 50MB C:/Users/ENTJ/AppData/Local/UnrealEngine/4.15/DerivedDataCache/Boot.ddc.
[2017.04.18-23.16.42:934][  0]LogDerivedDataCache:Display: Loaded Boot cache: C:/Users/ENTJ/AppData/Local/UnrealEngine/4.15/DerivedDataCache/Boot.ddc
[2017.04.18-23.16.42:934][  0]LogDerivedDataCache: FDerivedDataBackendGraph:  Pak pak cache file ../../../../../../CURSOS/VR_para_Arquitetura_parte_2/ArquiteturaVR_2_unr/DerivedDataCache/DDC.ddp not found, will not use a pak cache.
[2017.04.18-23.16.42:934][  0]LogDerivedDataCache: Unable to find inner node Pak for hierarchical cache Hierarchy.
[2017.04.18-23.16.42:934][  0]LogDerivedDataCache: FDerivedDataBackendGraph:  CompressedPak pak cache file ../../../../../../CURSOS/VR_para_Arquitetura_parte_2/ArquiteturaVR_2_unr/DerivedDataCache/Compressed.ddp not found, will not use a pak cache.
[2017.04.18-23.16.42:934][  0]LogDerivedDataCache: Unable to find inner node CompressedPak for hierarchical cache Hierarchy.
[2017.04.18-23.16.42:956][  0]LogDerivedDataCache:Display: Pak cache opened for reading ../../../Engine/DerivedDataCache/Compressed.ddp.
[2017.04.18-23.16.42:969][  0]LogDerivedDataCache: Using Local data cache path C:/Users/ENTJ/AppData/Local/UnrealEngine/Common/DerivedDataCache: Writable
[2017.04.18-23.16.42:978][  0]LogSlate: Using Freetype 2.6.0
[2017.04.18-23.16.42:979][  0]LogSlate: SlateFontCache - WITH_FREETYPE: 1, WITH_HARFBUZZ: 1
[2017.04.18-23.16.42:979][  0]LogSlate: SlateFontCache - WITH_FREETYPE: 1, WITH_HARFBUZZ: 1
[2017.04.18-23.16.43:239][  0]LogInit: Selected Device Profile: [Windows]
[2017.04.18-23.16.43:242][  0]LogContentStreaming: Texture pool size is 0.00 MB
[2017.04.18-23.16.43:444][  0]LogMeshUtilities: Using QuadricMeshReduction for automatic static mesh reduction
[2017.04.18-23.16.43:480][  0]LogSimplygon: Simplygon DLL not present - disabling.
[2017.04.18-23.16.43:519][  0]LogMeshUtilities: Using SimplygonSwarm for distributed automatic mesh merging
[2017.04.18-23.16.43:519][  0]LogMeshUtilities: No automatic skeletal mesh reduction module available
[2017.04.18-23.16.43:519][  0]LogMeshUtilities: No automatic mesh merging module available
[2017.04.18-23.16.44:072][  0]LogNetVersion: GetLocalNetworkVersion: CL: 3299760, ProjectName: arquiteturavr_2_unr, ProjectVersion: , EngineNetworkVersion: 2, GameNetworkVersion: 0, NetworkChecksum: 55255392
[2017.04.18-23.16.44:115][  0]LogAssetRegistry: FAssetRegistry took 0.0222 seconds to start up
[2017.04.18-23.16.44:170][  0]LogPackageLocalizationCache: Processed 3 localized package path(s) for 1 prioritized culture(s) in 0.035497 seconds
[2017.04.18-23.16.44:176][  0]LogUObjectArray: 32475 objects as part of root set at end of initial load.
[2017.04.18-23.16.44:176][  0]LogUObjectAllocator: 7073360 out of 0 bytes used by permanent object pool.
[2017.04.18-23.16.44:176][  0]LogUObjectArray: CloseDisregardForGC: 0/0 objects in disregard for GC pool
[2017.04.18-23.16.44:232][  0]LogInit: WinSock: version 1.1 (2.2), MaxSocks=32767, MaxUdp=65467
[2017.04.18-23.16.45:707][  0]LogTcpMessaging: Initializing TcpMessaging bridge
[2017.04.18-23.16.45:741][  0]LogUdpMessaging: Initializing bridge on interface 0.0.0.0:0 to multicast group 230.0.0.1:6666.
[2017.04.18-23.16.46:138][  0]LogMaterial: Uniform references updated for custom material expression Custom.
[2017.04.18-23.16.46:458][  0]SourceControl: Info Source control is disabled
[2017.04.18-23.16.46:459][  0]SourceControl: Info Source control is disabled
[2017.04.18-23.16.46:496][  0]SourceControl: Info Source control is disabled
[2017.04.18-23.16.46:531][  0]SourceControl: Info Source control is disabled
[2017.04.18-23.16.47:641][  0]LogEngine: Initializing Engine...
[2017.04.18-23.16.47:641][  0]LogHMD: Failed to initialize OpenVR with code 110
[2017.04.18-23.16.47:872][  0]LogAIModule: Creating AISystem for world Untitled
[2017.04.18-23.16.47:878][  0]LogInit: XAudio2 using 'Fones de ouvido/Alto falantes (Realtek High Definition Audio)' : 2 channels at 48 kHz using 32 bits per sample (channel mask 0x3)
[2017.04.18-23.16.47:997][  0]LogInit: FAudioDevice initialized.
[2017.04.18-23.16.48:023][  0]LogDerivedDataCache: Saved boot cache 0.03s 50MB C:/Users/ENTJ/AppData/Local/UnrealEngine/4.15/DerivedDataCache/Boot.ddc.
[2017.04.18-23.16.48:026][  0]LogInit: Texture streaming: Enabled
[2017.04.18-23.16.48:114][  0]LogEngineSessionManager: EngineSessionManager initialized
[2017.04.18-23.16.48:185][  0]LogWindowsTextInputMethodSystem:Display: IME system now deactivated.
[2017.04.18-23.16.48:185][  0]LogWindowsTextInputMethodSystem:Display: IME system now deactivated.
[2017.04.18-23.16.48:214][  0]LogInit: Transaction tracking system initialized
[2017.04.18-23.16.48:623][  0]BlueprintLog: New page: Editor Load
[2017.04.18-23.16.49:575][  0]LocalizationService: Info Localization service is disabled
[2017.04.18-23.16.50:655][  0]LogConsoleResponse:Display: 
[2017.04.18-23.16.50:879][  0]LogCook:Display: Max memory allowance for cook 16384mb min free memory 0mb
[2017.04.18-23.16.50:879][  0]LogCook:Display: Mobile HDR setting 0
[2017.04.18-23.16.51:870][  0]LogFileCache: Scanning file cache for directory 'C:/CURSOS/VR_para_Arquitetura_parte_2/ArquiteturaVR_2_unr/Content/' took 0.01s
[2017.04.18-23.16.51:913][  0]SourceControl: Info Source control is disabled
[2017.04.18-23.16.51:913][  0]Cmd: MAP LOAD FILE="../../../../../../CURSOS/VR_para_Arquitetura_parte_2/ArquiteturaVR_2_unr/Content/ArquiteturaVR_2_map.umap" TEMPLATE=0 SHOWPROGRESS=1 FEATURELEVEL=3
[2017.04.18-23.16.51:913][  0]LightingResults: New page: Lighting Build
[2017.04.18-23.16.51:954][  0]MapCheck: New page: Map Check
[2017.04.18-23.16.51:954][  0]LightingResults: New page: Lighting Build
[2017.04.18-23.16.57:840][  0]LogTexture:Display: Building textures: HQ_Lightmap0_1 (BGRA8)
[2017.04.18-23.16.58:427][  0]LogTexture:Display: Building textures: HQ_Lightmap0_2 (BGRA8)
[2017.04.18-23.16.58:969][  0]LogTexture:Display: Building textures: HQ_Lightmap0_3 (BGRA8)
[2017.04.18-23.16.59:252][  0]LogTexture:Display: Building textures: HQ_Lightmap0_4 (BGRA8)
[2017.04.18-23.16.59:462][  0]LogTexture:Display: Building textures: HQ_Lightmap0_5 (BGRA8)
[2017.04.18-23.16.59:476][  0]LogTexture:Display: Building textures: HQ_Lightmap0_6 (BGRA8)
[2017.04.18-23.16.59:514][  0]LogTexture:Display: Building textures: LQ_Lightmap_0_1 (BGRA8)
[2017.04.18-23.16.59:802][  0]LogTexture:Display: Building textures: LQ_Lightmap_0_2 (BGRA8)
[2017.04.18-23.16.59:982][  0]LogTexture:Display: Building textures: LQ_Lightmap_0_3 (BGRA8)
[2017.04.18-23.17.00:242][  0]LogTexture:Display: Building textures: LQ_Lightmap_0_4 (BGRA8)
[2017.04.18-23.17.00:294][  0]LogTexture:Display: Building textures: LQ_Lightmap_0_5 (BGRA8)
[2017.04.18-23.17.00:305][  0]LogTexture:Display: Building textures: LQ_Lightmap_0_6 (BGRA8)
[2017.04.18-23.17.06:381][  0]LogAIModule: Creating AISystem for world ArquiteturaVR_2_map
[2017.04.18-23.17.06:440][  0]LogEditorServer: Finished looking for orphan Actors (0.000 secs)
[2017.04.18-23.17.06:447][  0]Cmd: MAP CHECKDEP NOCLEARLOG
[2017.04.18-23.17.06:514][  0]MapCheck: Info Map check complete: 0 Error(s), 0 Warning(s), took 66.947ms to complete.
[2017.04.18-23.17.06:514][  0]LogFileHelpers: Loading map 'ArquiteturaVR_2_map' took 14.600
[2017.04.18-23.17.07:292][  0]LogCollectionManager: Loaded 0 collections in 0.001835 seconds
[2017.04.18-23.17.07:428][  0]LogFileCache: Scanning file cache for directory 'C:/CURSOS/VR_para_Arquitetura_parte_2/ArquiteturaVR_2_unr/Saved/Collections/' took 0.01s
[2017.04.18-23.17.07:428][  0]LogFileCache: Scanning file cache for directory 'C:/CURSOS/VR_para_Arquitetura_parte_2/ArquiteturaVR_2_unr/Content/Developers/ENTJ/Collections/' took 0.01s
[2017.04.18-23.17.07:428][  0]LogFileCache: Scanning file cache for directory 'C:/CURSOS/VR_para_Arquitetura_parte_2/ArquiteturaVR_2_unr/Content/Collections/' took 0.01s
[2017.04.18-23.17.07:428][  0]LogCollectionManager: Rebuilt the GUID cache for 0 collections in 0.000002 seconds
[2017.04.18-23.17.07:442][  0]LogContentBrowser: Native class hierarchy populated in 0.0110 seconds. Added 2245 classes and 452 folders.
[2017.04.18-23.17.07:462][  0]LogStats: UGameplayTagsManager::ConstructGameplayTagTree: Construct from data asset -  0.000 s
[2017.04.18-23.17.07:474][  0]LogStats: UGameplayTagsManager::ConstructGameplayTagTree: GameplayTagTreeChangedEvent.Broadcast -  0.000 s
[2017.04.18-23.17.07:541][  0]LogContentBrowser: Native class hierarchy updated for 'WidgetCarousel' in 0.0006 seconds. Added 0 classes and 0 folders.
[2017.04.18-23.17.09:541][  0]LogContentBrowser: Native class hierarchy updated for 'AddContentDialog' in 0.0006 seconds. Added 0 classes and 0 folders.
[2017.04.18-23.17.10:301][  0]LogCrashTracker: Crashtracker disabled due to settings.
[2017.04.18-23.17.10:346][  0]LogUObjectGlobals:Warning: Failed to find object 'Class None.'
[2017.04.18-23.17.10:416][  0]LogContentBrowser: Native class hierarchy updated for 'HierarchicalLODOutliner' in 0.0006 seconds. Added 1 classes and 2 folders.
[2017.04.18-23.17.10:416][  0]LogLoad: (Engine Initialization) Total time: 34.84 seconds
[2017.04.18-23.17.10:416][  0]LogLoad: (Engine Initialization) Total Blueprint compile time: 0.04 seconds
[2017.04.18-23.17.10:416][  0]LogExternalProfiler: Found external profiler: VSPerf
[2017.04.18-23.17.10:416][  0]LogExternalProfiler: Using external profiler: VSPerf
[2017.04.18-23.17.10:433][  0]LogOcInput: OculusInput pre-init called
[2017.04.18-23.17.10:524][  0]LogContentStreaming: Texture pool size now 3000 MB
[2017.04.18-23.17.10:526][  0]LogSlate: Took 0.000289 seconds to synchronously load lazily loaded font '../../../Engine/Content/Slate/Fonts/Roboto-Regular.ttf' (155K)
[2017.04.18-23.17.10:535][  0]LogSlate: Took 0.000181 seconds to synchronously load lazily loaded font '../../../Engine/Content/Slate/Fonts/Roboto-Bold.ttf' (160K)
[2017.04.18-23.17.10:555][  0]LogSlate: Took 0.014570 seconds to synchronously load lazily loaded font '../../../Engine/Content/Editor/Slate/Fonts/FontAwesome.ttf' (139K)
[2017.04.18-23.17.10:830][  0]LogRenderer: Reallocating scene render targets to support 1224x612 NumSamples 1 (Frame:2).
[2017.04.18-23.17.11:199][  0]LogSlate: Took 0.021872 seconds to synchronously load lazily loaded font '../../../Engine/Content/Slate/Fonts/Roboto-Light.ttf' (159K)
[2017.04.18-23.17.11:322][  1]LogHttp:Warning: 000000FD4DD0BB80: request failed, libcurl error: 6 (Couldn't resolve host name)
[2017.04.18-23.17.11:322][  1]LogHttp:Warning: 000000FD4DD0BB80: libcurl info message cache 0 (Could not resolve host: cdn.unrealengine.com)
[2017.04.18-23.17.11:322][  1]LogHttp:Warning: 000000FD4DD0BB80: libcurl info message cache 1 (Closing connection 0)
[2017.04.18-23.17.11:472][  2]LogHttp:Warning: 000000FD495C2380: request failed, libcurl error: 6 (Couldn't resolve host name)
[2017.04.18-23.17.11:472][  2]LogHttp:Warning: 000000FD495C2380: libcurl info message cache 0 (Could not resolve host: cdn.unrealengine.com)
[2017.04.18-23.17.11:472][  2]LogHttp:Warning: 000000FD495C2380: libcurl info message cache 1 (Closing connection 1)
[2017.04.18-23.17.11:521][  2]LogAssetRegistry: Asset discovery search completed in 27.4293 seconds
[2017.04.18-23.17.11:521][  2]LogCollectionManager: Rebuilt the object cache for 0 collections in 0.000005 seconds (found 0 objects)
[2017.04.18-23.17.11:521][  2]LogCollectionManager: Fixed up redirectors for 0 collections in 0.000019 seconds (updated 0 objects)
[2017.04.18-23.17.11:608][  3]LogHttp:Warning: 000000FD493D1000: request failed, libcurl error: 6 (Couldn't resolve host name)
[2017.04.18-23.17.11:608][  3]LogHttp:Warning: 000000FD493D1000: libcurl info message cache 0 (Could not resolve host: cdn.unrealengine.com)
[2017.04.18-23.17.11:608][  3]LogHttp:Warning: 000000FD493D1000: libcurl info message cache 1 (Closing connection 2)
[2017.04.18-23.17.47:775][685]LogWindowsTextInputMethodSystem:Display: IME system now deactivated.
[2017.04.18-23.17.47:775][685]LogWindowsTextInputMethodSystem:Display: IME system now deactivated.
[2017.04.18-23.17.48:056][686]Cmd: QUIT_EDITOR
[2017.04.18-23.17.48:130][686]LogExit: Preparing to exit.
[2017.04.18-23.17.48:813][686]LogDirectoryWatcher: A directory notification for 'C:/CURSOS/VR_para_Arquitetura_parte_2/ArquiteturaVR_2_unr/Content/' was aborted.
[2017.04.18-23.17.48:838][686]LogExit: Editor shut down
[2017.04.18-23.17.48:839][686]LogExit: Transaction tracking system shut down
[2017.04.18-23.17.48:914][686]LogObj: Freed 0b from 0 cluster array pools.
[2017.04.18-23.17.48:914][686]LogExit: Object subsystem successfully closed.
[2017.04.18-23.17.48:923][686]LogD3D11RHI: Shutdown
[2017.04.18-23.17.48:923][686]LogD3D11RHI: CleanupD3DDevice
[2017.04.18-23.17.48:988][686]LogD3D11RHI: ~FD3D11DynamicRHI
[2017.04.18-23.17.49:000][686]LogModuleManager: Shutting down and abandoning module HierarchicalLODOutliner (496)
[2017.04.18-23.17.49:000][686]LogModuleManager: Shutting down and abandoning module CrashTracker (494)
[2017.04.18-23.17.49:000][686]LogModuleManager: Shutting down and abandoning module AddContentDialog (492)
[2017.04.18-23.17.49:000][686]LogDirectoryWatcher: A directory notification for 'C:/Program Files/Epic Games/UE_4.15/FeaturePacks/' was aborted.
[2017.04.18-23.17.49:002][686]LogModuleManager: Shutting down and abandoning module WidgetCarousel (491)
[2017.04.18-23.17.49:002][686]LogModuleManager: Shutting down and abandoning module EditorWidgets (488)
[2017.04.18-23.17.49:002][686]LogModuleManager: Shutting down and abandoning module CollectionManager (486)
[2017.04.18-23.17.49:002][686]LogDirectoryWatcher: A directory notification for 'C:/CURSOS/VR_para_Arquitetura_parte_2/ArquiteturaVR_2_unr/Content/Collections/' was aborted.
[2017.04.18-23.17.49:002][686]LogDirectoryWatcher: A directory notification for 'C:/CURSOS/VR_para_Arquitetura_parte_2/ArquiteturaVR_2_unr/Content/Developers/ENTJ/Collections/' was aborted.
[2017.04.18-23.17.49:002][686]LogDirectoryWatcher: A directory notification for 'C:/CURSOS/VR_para_Arquitetura_parte_2/ArquiteturaVR_2_unr/Saved/Collections/' was aborted.
[2017.04.18-23.17.49:002][686]LogModuleManager: Shutting down and abandoning module SceneOutliner (484)
[2017.04.18-23.17.49:003][686]LogModuleManager: Shutting down and abandoning module StatsViewer (482)
[2017.04.18-23.17.49:003][686]LogModuleManager: Shutting down and abandoning module FoliageEdit (480)
[2017.04.18-23.17.49:003][686]LogModuleManager: Shutting down and abandoning module LandscapeEditor (478)
[2017.04.18-23.17.49:003][686]LogModuleManager: Shutting down and abandoning module SceneDepthPickerMode (476)
[2017.04.18-23.17.49:003][686]LogModuleManager: Shutting down and abandoning module ActorPickerMode (474)
[2017.04.18-23.17.49:003][686]LogModuleManager: Shutting down and abandoning module GeometryMode (472)
[2017.04.18-23.17.49:003][686]LogModuleManager: Shutting down and abandoning module TextureAlignMode (470)
[2017.04.18-23.17.49:003][686]LogModuleManager: Shutting down and abandoning module BspMode (468)
[2017.04.18-23.17.49:003][686]LogModuleManager: Shutting down and abandoning module HardwareSurvey (466)
[2017.04.18-23.17.49:003][686]LogModuleManager: Shutting down and abandoning module SequenceRecorderSections (464)
[2017.04.18-23.17.49:003][686]LogModuleManager: Shutting down and abandoning module AutomationWorker (462)
[2017.04.18-23.17.49:003][686]LogModuleManager: Shutting down and abandoning module MatineeToLevelSequence (460)
[2017.04.18-23.17.49:003][686]LogModuleManager: Shutting down and abandoning module LevelSequenceEditor (458)
[2017.04.18-23.17.49:003][686]LogModuleManager: Shutting down and abandoning module PlacementMode (457)
[2017.04.18-23.17.49:003][686]LogModuleManager: Shutting down and abandoning module WmfMediaFactory (454)
[2017.04.18-23.17.49:003][686]LogModuleManager: Shutting down and abandoning module WmfMediaEditor (452)
[2017.04.18-23.17.49:003][686]LogModuleManager: Shutting down and abandoning module MfMediaFactory (450)
[2017.04.18-23.17.49:003][686]LogModuleManager: Shutting down and abandoning module MfMediaEditor (448)
[2017.04.18-23.17.49:003][686]LogModuleManager: Shutting down and abandoning module AvfMediaFactory (446)
[2017.04.18-23.17.49:003][686]LogModuleManager: Shutting down and abandoning module AvfMediaEditor (444)
[2017.04.18-23.17.49:003][686]LogModuleManager: Shutting down and abandoning module AndroidMediaFactory (442)
[2017.04.18-23.17.49:003][686]LogModuleManager: Shutting down and abandoning module Media (441)
[2017.04.18-23.17.49:003][686]LogModuleManager: Shutting down and abandoning module AndroidMediaEditor (438)
[2017.04.18-23.17.49:003][686]LogModuleManager: Shutting down and abandoning module CharacterAI (436)
[2017.04.18-23.17.49:003][686]LogModuleManager: Shutting down and abandoning module AudioCapture (434)
[2017.04.18-23.17.49:003][686]LogModuleManager: Shutting down and abandoning module SequenceRecorder (433)
[2017.04.18-23.17.49:003][686]LogModuleManager: Shutting down and abandoning module SmartSnapping (430)
[2017.04.18-23.17.49:003][686]LogModuleManager: Shutting down and abandoning module SessionServices (428)
[2017.04.18-23.17.49:003][686]LogModuleManager: Shutting down and abandoning module ViewportSnapping (426)
[2017.04.18-23.17.49:003][686]LogModuleManager: Shutting down and abandoning module ViewportInteraction (424)
[2017.04.18-23.17.49:003][686]LogModuleManager: Shutting down and abandoning module LogVisualizer (422)
[2017.04.18-23.17.49:003][686]LogModuleManager: Shutting down and abandoning module IntroTutorials (420)
[2017.04.18-23.17.49:003][686]LogModuleManager: Shutting down and abandoning module GameProjectGeneration (419)
[2017.04.18-23.17.49:003][686]LogModuleManager: Shutting down and abandoning module EditorLiveStreaming (416)
[2017.04.18-23.17.49:003][686]LogModuleManager: Shutting down and abandoning module IOSPlatformEditor (414)
[2017.04.18-23.17.49:003][686]LogModuleManager: Shutting down and abandoning module HTML5PlatformEditor (412)
[2017.04.18-23.17.49:003][686]LogModuleManager: Shutting down and abandoning module AndroidPlatformEditor (410)
[2017.04.18-23.17.49:003][686]LogModuleManager: Shutting down and abandoning module AndroidDeviceDetection (409)
[2017.04.18-23.17.49:126][686]LogModuleManager: Shutting down and abandoning module IOSRuntimeSettings (406)
[2017.04.18-23.17.49:126][686]LogModuleManager: Shutting down and abandoning module AndroidRuntimeSettings (404)
[2017.04.18-23.17.49:126][686]LogModuleManager: Shutting down and abandoning module InputBindingEditor (402)
[2017.04.18-23.17.49:126][686]LogModuleManager: Shutting down and abandoning module NiagaraEditor (400)
[2017.04.18-23.17.49:126][686]LogModuleManager: Shutting down and abandoning module MergeActors (398)
[2017.04.18-23.17.49:126][686]LogModuleManager: Shutting down and abandoning module SizeMap (396)
[2017.04.18-23.17.49:126][686]LogModuleManager: Shutting down and abandoning module TreeMap (394)
[2017.04.18-23.17.49:126][686]LogModuleManager: Shutting down and abandoning module ReferenceViewer (392)
[2017.04.18-23.17.49:126][686]LogModuleManager: Shutting down and abandoning module LocalizationDashboard (390)
[2017.04.18-23.17.49:126][686]LogModuleManager: Shutting down and abandoning module LocalizationService (389)
[2017.04.18-23.17.49:126][686]LogModuleManager: Shutting down and abandoning module HardwareTargeting (386)
[2017.04.18-23.17.49:126][686]LogModuleManager: Shutting down and abandoning module DeviceProfileEditor (384)
[2017.04.18-23.17.49:126][686]LogModuleManager: Shutting down and abandoning module UndoHistory (382)
[2017.04.18-23.17.49:126][686]LogModuleManager: Shutting down and abandoning module UserFeedback (380)
[2017.04.18-23.17.49:126][686]LogModuleManager: Shutting down and abandoning module XmlParser (378)
[2017.04.18-23.17.49:126][686]LogModuleManager: Shutting down and abandoning module Blutility (376)
[2017.04.18-23.17.49:126][686]LogModuleManager: Shutting down and abandoning module ProjectSettingsViewer (374)
[2017.04.18-23.17.49:126][686]LogModuleManager: Shutting down and abandoning module ProjectTargetPlatformEditor (373)
[2017.04.18-23.17.49:126][686]LogModuleManager: Shutting down and abandoning module EditorSettingsViewer (370)
[2017.04.18-23.17.49:126][686]LogModuleManager: Shutting down and abandoning module SettingsEditor (368)
[2017.04.18-23.17.49:126][686]LogModuleManager: Shutting down and abandoning module ProjectLauncher (366)
[2017.04.18-23.17.49:126][686]LogModuleManager: Shutting down and abandoning module SessionFrontend (364)
[2017.04.18-23.17.49:126][686]LogModuleManager: Shutting down and abandoning module ProfilerClient (362)
[2017.04.18-23.17.49:126][686]LogModuleManager: Shutting down and abandoning module DeviceManager (360)
[2017.04.18-23.17.49:126][686]LogModuleManager: Shutting down and abandoning module TargetDeviceServices (359)
[2017.04.18-23.17.49:168][686]LogModuleManager: Shutting down and abandoning module AutomationController (356)
[2017.04.18-23.17.49:168][686]LogModuleManager: Shutting down and abandoning module AutomationWindow (354)
[2017.04.18-23.17.49:168][686]LogModuleManager: Shutting down and abandoning module Layers (352)
[2017.04.18-23.17.49:168][686]LogModuleManager: Shutting down and abandoning module ComponentVisualizers (350)
[2017.04.18-23.17.49:168][686]LogModuleManager: Shutting down and abandoning module DetailCustomizations (348)
[2017.04.18-23.17.49:168][686]LogModuleManager: Shutting down and abandoning module PackagesDialog (346)
[2017.04.18-23.17.49:168][686]LogModuleManager: Shutting down and abandoning module Persona (344)
[2017.04.18-23.17.49:168][686]LogModuleManager: Shutting down and abandoning module AnimGraph (343)
[2017.04.18-23.17.49:168][686]LogModuleManager: Shutting down and abandoning module Kismet (340)
[2017.04.18-23.17.49:168][686]LogModuleManager: Shutting down and abandoning module GraphEditor (338)
[2017.04.18-23.17.49:168][686]LogModuleManager: Shutting down and abandoning module ClassViewer (336)
[2017.04.18-23.17.49:168][686]LogModuleManager: Shutting down and abandoning module Toolbox (334)
[2017.04.18-23.17.49:168][686]LogModuleManager: Shutting down and abandoning module ModuleUI (332)
[2017.04.18-23.17.49:168][686]LogModuleManager: Shutting down and abandoning module MovieSceneTools (330)
[2017.04.18-23.17.49:168][686]LogModuleManager: Shutting down and abandoning module OutputLog (328)
[2017.04.18-23.17.49:168][686]LogModuleManager: Shutting down and abandoning module GammaUI (326)
[2017.04.18-23.17.49:168][686]LogModuleManager: Shutting down and abandoning module Documentation (324)
[2017.04.18-23.17.49:168][686]LogModuleManager: Shutting down and abandoning module Niagara (322)
[2017.04.18-23.17.49:168][686]LogModuleManager: Shutting down and abandoning module StreamingPauseRendering (320)
[2017.04.18-23.17.49:168][686]LogModuleManager: Shutting down and abandoning module AnalyticsET (318)
[2017.04.18-23.17.49:168][686]LogModuleManager: Shutting down and abandoning module PortalServices (316)
[2017.04.18-23.17.49:168][686]LogModuleManager: Shutting down and abandoning module PortalRpc (314)
[2017.04.18-23.17.49:168][686]LogModuleManager: Shutting down and abandoning module MessagingRpc (312)
[2017.04.18-23.17.49:168][686]LogModuleManager: Shutting down and abandoning module AIModule (310)
[2017.04.18-23.17.49:168][686]LogModuleManager: Shutting down and abandoning module GameplayDebugger (309)
[2017.04.18-23.17.49:168][686]LogModuleManager: Shutting down and abandoning module AITestSuite (307)
[2017.04.18-23.17.49:168][686]LogModuleManager: Shutting down and abandoning module ProfilerService (304)
[2017.04.18-23.17.49:189][686]LogModuleManager: Shutting down and abandoning module TaskGraph (302)
[2017.04.18-23.17.49:189][686]LogModuleManager: Shutting down and abandoning module SteamVRController (300)
[2017.04.18-23.17.49:189][686]LogModuleManager: Shutting down and abandoning module SteamVR (298)
[2017.04.18-23.17.49:189][686]LogModuleManager: Shutting down and abandoning module ProceduralMeshComponentEditor (296)
[2017.04.18-23.17.49:189][686]LogModuleManager: Shutting down and abandoning module ProceduralMeshComponent (294)
[2017.04.18-23.17.49:189][686]LogModuleManager: Shutting down and abandoning module OculusLibrary (292)
[2017.04.18-23.17.49:189][686]LogModuleManager: Shutting down and abandoning module OculusInput (290)
[2017.04.18-23.17.49:189][686]LogModuleManager: Shutting down and abandoning module MobilePatchingUtils (288)
[2017.04.18-23.17.49:189][686]LogModuleManager: Shutting down and abandoning module CustomMeshComponent (286)
[2017.04.18-23.17.49:189][686]LogModuleManager: Shutting down and abandoning module CableComponent (284)
[2017.04.18-23.17.49:189][686]LogModuleManager: Shutting down and abandoning module ArchVisCharacter (282)
[2017.04.18-23.17.49:189][686]LogModuleManager: Shutting down and abandoning module MediaPlayerEditor (278)
[2017.04.18-23.17.49:189][686]LogModuleManager: Shutting down and abandoning module HTML5Networking (276)
[2017.04.18-23.17.49:189][686]LogModuleManager: Shutting down and abandoning module AlembicImporter (274)
[2017.04.18-23.17.49:189][686]LogModuleManager: Shutting down and abandoning module AlembicLibrary (273)
[2017.04.18-23.17.49:189][686]LogModuleManager: Shutting down and abandoning module GeometryCache (272)
[2017.04.18-23.17.49:189][686]LogModuleManager: Shutting down and abandoning module GeometryCacheEd (271)
[2017.04.18-23.17.49:189][686]LogModuleManager: Shutting down and abandoning module SuperSearchEditor (266)
[2017.04.18-23.17.49:189][686]LogModuleManager: Shutting down and abandoning module SuperSearch (265)
[2017.04.18-23.17.49:189][686]LogModuleManager: Shutting down and abandoning module SpeedTreeImporter (262)
[2017.04.18-23.17.49:189][686]LogModuleManager: Shutting down and abandoning module PluginBrowser (260)
[2017.04.18-23.17.49:189][686]LogModuleManager: Shutting down and abandoning module MobileLauncherProfileWizard (258)
[2017.04.18-23.17.49:189][686]LogModuleManager: Shutting down and abandoning module EpicSurvey (256)
[2017.04.18-23.17.49:189][686]LogModuleManager: Shutting down and abandoning module VisualStudioSourceCodeAccess (254)
[2017.04.18-23.17.49:189][686]LogModuleManager: Shutting down and abandoning module DesktopPlatform (253)
[2017.04.18-23.17.49:189][686]LogModuleManager: Shutting down and abandoning module UObjectPlugin (250)
[2017.04.18-23.17.49:189][686]LogModuleManager: Shutting down and abandoning module SubversionSourceControl (248)
[2017.04.18-23.17.49:189][686]LogModuleManager: Shutting down and abandoning module PerforceSourceControl (246)
[2017.04.18-23.17.49:189][686]LogModuleManager: Shutting down and abandoning module GitSourceControl (244)
[2017.04.18-23.17.49:189][686]LogModuleManager: Shutting down and abandoning module SourceControl (243)
[2017.04.18-23.17.49:189][686]LogModuleManager: Shutting down and abandoning module LightPropagationVolumeEditor (240)
[2017.04.18-23.17.49:190][686]LogModuleManager: Shutting down and abandoning module PaperTiledImporter (238)
[2017.04.18-23.17.49:190][686]LogModuleManager: Shutting down and abandoning module PaperSpriteSheetImporter (236)
[2017.04.18-23.17.49:190][686]LogModuleManager: Shutting down and abandoning module Paper2DEditor (234)
[2017.04.18-23.17.49:190][686]LogModuleManager: Shutting down and abandoning module MeshPaint (233)
[2017.04.18-23.17.49:190][686]LogModuleManager: Shutting down and abandoning module LevelEditor (231)
[2017.04.18-23.17.49:190][686]LogModuleManager: Shutting down and abandoning module PixelInspectorModule (230)
[2017.04.18-23.17.49:190][686]LogModuleManager: Shutting down and abandoning module MainFrame (228)
[2017.04.18-23.17.49:190][686]LogModuleManager: Shutting down and abandoning module HotReload (227)
[2017.04.18-23.17.49:191][686]LogModuleManager: Shutting down and abandoning module ContentBrowser (223)
[2017.04.18-23.17.49:192][686]LogModuleManager: Shutting down and abandoning module PhysXVehiclesEditor (220)
[2017.04.18-23.17.49:192][686]LogModuleManager: Shutting down and abandoning module PhysXVehicles (218)
[2017.04.18-23.17.49:192][686]LogModuleManager: Shutting down and abandoning module LocationServicesBPLibrary (216)
[2017.04.18-23.17.49:192][686]LogModuleManager: Shutting down and abandoning module UdpMessaging (214)
[2017.04.18-23.17.49:293][686]LogModuleManager: Shutting down and abandoning module TcpMessaging (212)
[2017.04.18-23.17.49:743][686]LogModuleManager: Shutting down and abandoning module GameplayTagsEditor (210)
[2017.04.18-23.17.49:743][686]LogModuleManager: Shutting down and abandoning module FacialAnimationEditor (208)
[2017.04.18-23.17.49:743][686]LogModuleManager: Shutting down and abandoning module FacialAnimation (206)
[2017.04.18-23.17.49:743][686]LogModuleManager: Shutting down and abandoning module LightPropagationVolumeRuntime (204)
[2017.04.18-23.17.49:743][686]LogModuleManager: Shutting down and abandoning module Paper2D (202)
[2017.04.18-23.17.49:743][686]LogModuleManager: Shutting down and abandoning module WindowsMoviePlayer (200)
[2017.04.18-23.17.49:743][686]LogModuleManager: Shutting down and abandoning module WmfMedia (198)
[2017.04.18-23.17.49:743][686]LogModuleManager: Shutting down and abandoning module MfMedia (196)
[2017.04.18-23.17.49:743][686]LogModuleManager: Shutting down and abandoning module MediaAssets (194)
[2017.04.18-23.17.49:743][686]LogModuleManager: Shutting down and abandoning module GameLiveStreaming (192)
[2017.04.18-23.17.49:743][686]LogModuleManager: Shutting down and abandoning module VREditor (190)
[2017.04.18-23.17.49:743][686]LogModuleManager: Shutting down and abandoning module GameplayTasksEditor (188)
[2017.04.18-23.17.49:743][686]LogModuleManager: Shutting down and abandoning module BehaviorTreeEditor (186)
[2017.04.18-23.17.49:744][686]LogModuleManager: Shutting down and abandoning module FunctionalTesting (184)
[2017.04.18-23.17.49:744][686]LogModuleManager: Shutting down and abandoning module CollisionAnalyzer (182)
[2017.04.18-23.17.49:744][686]LogModuleManager: Shutting down and abandoning module UMG (180)
[2017.04.18-23.17.49:744][686]LogModuleManager: Shutting down and abandoning module UMGEditor (179)
[2017.04.18-23.17.49:744][686]LogModuleManager: Shutting down and abandoning module Sequencer (178)
[2017.04.18-23.17.49:744][686]LogModuleManager: Shutting down and abandoning module AssetTools (176)
[2017.04.18-23.17.49:744][686]LogModuleManager: Shutting down and abandoning module MessageLog (175)
[2017.04.18-23.17.49:744][686]LogModuleManager: Shutting down and abandoning module WorkspaceMenuStructure (174)
[2017.04.18-23.17.49:744][686]LogModuleManager: Shutting down and abandoning module SlateReflector (168)
[2017.04.18-23.17.49:744][686]LogModuleManager: Shutting down and abandoning module Slate (166)
[2017.04.18-23.17.49:744][686]LogModuleManager: Shutting down and abandoning module EditorStyle (164)
[2017.04.18-23.17.49:746][686]LogModuleManager: Shutting down and abandoning module SourceCodeAccess (162)
[2017.04.18-23.17.49:746][686]LogModuleManager: Shutting down and abandoning module HeadMountedDisplay (160)
[2017.04.18-23.17.49:746][686]LogModuleManager: Shutting down and abandoning module XAudio2 (158)
[2017.04.18-23.17.49:746][686]LogModuleManager: Shutting down and abandoning module Networking (156)
[2017.04.18-23.17.49:746][686]LogModuleManager: Shutting down and abandoning module Core (152)
[2017.04.18-23.17.49:746][686]LogModuleManager: Shutting down and abandoning module AssetRegistry (150)
[2017.04.18-23.17.49:873][686]LogDirectoryWatcher: A directory notification for '../../../Engine/Content/' was aborted.
[2017.04.18-23.17.49:873][686]LogDirectoryWatcher: A directory notification for '../../../../../../CURSOS/VR_para_Arquitetura_parte_2/ArquiteturaVR_2_unr/Content/' was aborted.
[2017.04.18-23.17.49:873][686]LogDirectoryWatcher: A directory notification for '../../../Engine/Plugins/2D/Paper2D/Content/' was aborted.
[2017.04.18-23.17.49:874][686]LogModuleManager: Shutting down and abandoning module DirectoryWatcher (149)
[2017.04.18-23.17.49:874][686]LogModuleManager: Shutting down and abandoning module KismetCompiler (146)
[2017.04.18-23.17.49:874][686]LogModuleManager: Shutting down and abandoning module PhysXFormats (144)
[2017.04.18-23.17.49:874][686]LogModuleManager: Shutting down and abandoning module MeshUtilities (142)
[2017.04.18-23.17.49:874][686]LogModuleManager: Shutting down and abandoning module SimplygonSwarm (141)
[2017.04.18-23.17.49:874][686]LogModuleManager: Shutting down and abandoning module SimplygonMeshReduction (139)
[2017.04.18-23.17.49:874][686]LogModuleManager: Shutting down and abandoning module QuadricMeshReduction (137)
[2017.04.18-23.17.49:874][686]LogModuleManager: Shutting down and abandoning module PropertyEditor (135)
[2017.04.18-23.17.49:874][686]LogModuleManager: Shutting down and abandoning module DerivedDataCache (132)
[2017.04.18-23.17.50:024][686]LogDerivedDataCache: Shutdown
[2017.04.18-23.17.50:024][686]LogModuleManager: Shutting down and abandoning module TargetPlatform (130)
[2017.04.18-23.17.50:024][686]LogModuleManager: Shutting down and abandoning module VulkanShaderFormat (129)
[2017.04.18-23.17.50:024][686]LogModuleManager: Shutting down and abandoning module ShaderFormatOpenGL (127)
[2017.04.18-23.17.50:024][686]LogModuleManager: Shutting down and abandoning module ShaderFormatD3D (125)
[2017.04.18-23.17.50:024][686]LogModuleManager: Shutting down and abandoning module MetalShaderFormat (123)
[2017.04.18-23.17.50:024][686]LogModuleManager: Shutting down and abandoning module TextureFormatUncompressed (121)
[2017.04.18-23.17.50:024][686]LogModuleManager: Shutting down and abandoning module TextureFormatPVR (119)
[2017.04.18-23.17.50:024][686]LogModuleManager: Shutting down and abandoning module TextureFormatDXT (117)
[2017.04.18-23.17.50:024][686]LogModuleManager: Shutting down and abandoning module TextureFormatIntelISPCTexComp (115)
[2017.04.18-23.17.50:025][686]LogModuleManager: Shutting down and abandoning module TextureFormatASTC (113)
[2017.04.18-23.17.50:025][686]LogModuleManager: Shutting down and abandoning module ImageWrapper (112)
[2017.04.18-23.17.50:025][686]LogModuleManager: Shutting down and abandoning module TextureFormatAndroid (109)
[2017.04.18-23.17.50:025][686]LogModuleManager: Shutting down and abandoning module AudioFormatOpus (107)
[2017.04.18-23.17.50:025][686]LogModuleManager: Shutting down and abandoning module AudioFormatOgg (105)
[2017.04.18-23.17.50:025][686]LogModuleManager: Shutting down and abandoning module AudioFormatADPCM (103)
[2017.04.18-23.17.50:025][686]LogModuleManager: Shutting down and abandoning module LinuxTargetPlatform (101)
[2017.04.18-23.17.50:025][686]LogModuleManager: Shutting down and abandoning module LinuxServerTargetPlatform (99)
[2017.04.18-23.17.50:025][686]LogModuleManager: Shutting down and abandoning module LinuxNoEditorTargetPlatform (97)
[2017.04.18-23.17.50:025][686]LogModuleManager: Shutting down and abandoning module LinuxClientTargetPlatform (95)
[2017.04.18-23.17.50:025][686]LogModuleManager: Shutting down and abandoning module TVOSTargetPlatform (93)
[2017.04.18-23.17.50:025][686]LogModuleManager: Shutting down and abandoning module Messaging (91)
[2017.04.18-23.17.50:025][686]LogModuleManager: Shutting down and abandoning module IOSTargetPlatform (89)
[2017.04.18-23.17.50:025][686]LogModuleManager: Shutting down and abandoning module HTML5TargetPlatform (87)
[2017.04.18-23.17.50:025][686]LogModuleManager: Shutting down and abandoning module Android_PVRTCTargetPlatform (85)
[2017.04.18-23.17.50:025][686]LogModuleManager: Shutting down and abandoning module Android_MultiTargetPlatform (83)
[2017.04.18-23.17.50:025][686]LogModuleManager: Shutting down and abandoning module Android_ETC2TargetPlatform (81)
[2017.04.18-23.17.50:025][686]LogModuleManager: Shutting down and abandoning module Android_ETC1TargetPlatform (79)
[2017.04.18-23.17.50:025][686]LogModuleManager: Shutting down and abandoning module Android_DXTTargetPlatform (77)
[2017.04.18-23.17.50:025][686]LogModuleManager: Shutting down and abandoning module Android_ATCTargetPlatform (75)
[2017.04.18-23.17.50:025][686]LogModuleManager: Shutting down and abandoning module Android_ASTCTargetPlatform (73)
[2017.04.18-23.17.50:025][686]LogModuleManager: Shutting down and abandoning module AndroidTargetPlatform (71)
[2017.04.18-23.17.50:025][686]LogModuleManager: Shutting down and abandoning module WindowsTargetPlatform (69)
[2017.04.18-23.17.50:025][686]LogModuleManager: Shutting down and abandoning module WindowsServerTargetPlatform (67)
[2017.04.18-23.17.50:025][686]LogModuleManager: Shutting down and abandoning module WindowsNoEditorTargetPlatform (65)
[2017.04.18-23.17.50:025][686]LogModuleManager: Shutting down and abandoning module WindowsClientTargetPlatform (63)
[2017.04.18-23.17.50:025][686]LogModuleManager: Shutting down and abandoning module MacTargetPlatform (61)
[2017.04.18-23.17.50:025][686]LogModuleManager: Shutting down and abandoning module MacServerTargetPlatform (59)
[2017.04.18-23.17.50:025][686]LogModuleManager: Shutting down and abandoning module MacNoEditorTargetPlatform (57)
[2017.04.18-23.17.50:025][686]LogModuleManager: Shutting down and abandoning module MacClientTargetPlatform (55)
[2017.04.18-23.17.50:025][686]LogModuleManager: Shutting down and abandoning module AllDesktopTargetPlatform (53)
[2017.04.18-23.17.50:025][686]LogModuleManager: Shutting down and abandoning module InputCore (50)
[2017.04.18-23.17.50:025][686]LogModuleManager: Shutting down and abandoning module Settings (48)
[2017.04.18-23.17.50:025][686]LogModuleManager: Shutting down and abandoning module OculusRift (46)
[2017.04.18-23.17.50:025][686]LogModuleManager: Shutting down and abandoning module ExampleDeviceProfileSelector (44)
[2017.04.18-23.17.50:025][686]LogModuleManager: Shutting down and abandoning module OnlineBlueprintSupport (42)
[2017.04.18-23.17.50:025][686]LogModuleManager: Shutting down and abandoning module OnlineSubsystem (38)
[2017.04.18-23.17.50:025][686]LogOnline:Display: Unloading online subsystem: NULL
[2017.04.18-23.17.50:025][686]LogModuleManager: Shutting down and abandoning module XMPP (37)
[2017.04.18-23.17.50:025][686]LogModuleManager: Shutting down and abandoning module HTTP (35)
[2017.04.18-23.17.50:025][686]LogHttp:Display: Http module shutting down, but needs to wait on 1 outstanding Http requests:
[2017.04.18-23.17.50:025][686]LogHttp:Display: 	verb=[POST] url=[https://datarouter.ol.epicgames.com/datarouter/api/v1/public/data?SessionID=%7BAE6A0263-4A96-D530-7828-1F907BC39348%7D&AppID=UEEditor.Rocket.Release&AppVersion=4.15.0-3299760%2B%2B%2BUE4%2BRelease-4.15&UserID=23340a584aa1024b669ad684b09c30bb%7C058ed5be852e40be91482296a638b8cf%7C4e99113e-0cd2-449c-99c2-61486cecbbd5&AppEnvironment=datacollector-binary&UploadType=eteventstream] status=Processing
[2017.04.18-23.17.50:025][686]LogHttp:Warning: 000000FD5302CB80: request failed, libcurl error: 6 (Couldn't resolve host name)
[2017.04.18-23.17.50:025][686]LogHttp:Warning: 000000FD5302CB80: libcurl info message cache 0 (Could not resolve host: datarouter.ol.epicgames.com)
[2017.04.18-23.17.50:025][686]LogHttp:Warning: 000000FD5302CB80: libcurl info message cache 1 (Closing connection 3)
[2017.04.18-23.17.50:027][686]LogModuleManager: Shutting down and abandoning module SSL (34)
[2017.04.18-23.17.50:028][686]LogModuleManager: Shutting down and abandoning module AudioEditor (30)
[2017.04.18-23.17.50:029][686]LogModuleManager: Shutting down and abandoning module TextureCompressor (28)
[2017.04.18-23.17.50:029][686]LogModuleManager: Shutting down and abandoning module ShaderCore (26)
[2017.04.18-23.17.50:029][686]LogModuleManager: Shutting down and abandoning module Landscape (24)
[2017.04.18-23.17.50:029][686]LogModuleManager: Shutting down and abandoning module SlateRHIRenderer (22)
[2017.04.18-23.17.50:029][686]LogModuleManager: Shutting down and abandoning module OpenGLDrv (20)
[2017.04.18-23.17.50:029][686]LogModuleManager: Shutting down and abandoning module D3D11RHI (18)
[2017.04.18-23.17.50:029][686]LogModuleManager: Shutting down and abandoning module AnimGraphRuntime (16)
[2017.04.18-23.17.50:029][686]LogModuleManager: Shutting down and abandoning module Renderer (14)
[2017.04.18-23.17.50:029][686]LogModuleManager: Shutting down and abandoning module Engine (12)
[2017.04.18-23.17.50:029][686]LogModuleManager: Shutting down and abandoning module CoreUObject (10)
[2017.04.18-23.17.50:029][686]LogModuleManager: Shutting down and abandoning module NetworkFile (8)
[2017.04.18-23.17.50:029][686]LogModuleManager: Shutting down and abandoning module StreamingFile (6)
[2017.04.18-23.17.50:029][686]LogModuleManager: Shutting down and abandoning module SandboxFile (4)
[2017.04.18-23.17.50:029][686]LogModuleManager: Shutting down and abandoning module PakFile (2)
[2017.04.18-23.17.50:030][686]LogExit: Exiting.
[2017.04.18-23.17.50:033][686]Log file closed, 04/18/17 20:17:50
